2024-08-20 07:45:46,517 INFO utilities AMZ TATARI DATA EXPORT report data load begins at 2024-08-20 07:45:46.517179...
2024-08-20 07:45:46,517 INFO utilities Impact report data load begins at 2024-08-20 07:45:46.517543...
2024-08-20 07:45:46,521 INFO utilities Environment variables loaded
2024-08-20 07:45:46,521 INFO utilities Script executed successfully
2024-08-20 07:46:18,052 INFO snowflake.connector.connection Snowflake Connector for Python Version: 3.1.1, Python Version: 3.9.6, Platform: macOS-14.5-arm64-arm-64bit
2024-08-20 07:46:18,054 INFO snowflake.connector.connection This connection is in OCSP Fail Open Mode. TLS Certificates would be checked for validity and revocation status. Any other Certificate Revocation related exceptions or OCSP Responder failures would be disregarded in favor of connectivity.
2024-08-20 07:46:18,054 INFO snowflake.connector.connection Setting use_openssl_only mode to False
2024-08-20 07:46:18,948 INFO snowflake.connector.cursor query: [USE WAREHOUSE COMPUTE_WH]
2024-08-20 07:46:19,117 INFO snowflake.connector.cursor query execution done
2024-08-20 07:46:19,118 INFO snowflake.connector.cursor Number of results in first chunk: 1
2024-08-20 07:46:19,119 INFO snowflake.connector.cursor query: [USE ROLE ANALYST_DEV]
2024-08-20 07:46:19,327 INFO snowflake.connector.cursor query execution done
2024-08-20 07:46:19,328 INFO snowflake.connector.cursor Number of results in first chunk: 1
2024-08-20 07:46:19,329 INFO snowflake.connector.cursor query: [USE DATABASE PROD_DB]
2024-08-20 07:46:19,511 INFO snowflake.connector.cursor query execution done
2024-08-20 07:46:19,512 INFO snowflake.connector.cursor Number of results in first chunk: 1
2024-08-20 07:46:19,512 INFO snowflake.connector.cursor query: [select o.amazon_order_id as "Order ID" , o.purchase_date as "Order Timestamp" , ...]
2024-08-20 07:46:19,756 INFO snowflake.connector.cursor query execution done
2024-08-20 07:46:19,759 INFO snowflake.connector.cursor Number of results in first chunk: 0
2024-08-20 07:46:21,828 INFO root Number of rows fetched: 65618
2024-08-20 07:46:29,182 INFO utilities Uploading /Users/salmaelmasry/Desktop/amz_tatari_export/data/tatari_export_2024-08-20_07-45.csv to S3 as seed/tatari_export_2024-08-20_07-45.csv
2024-08-20 07:47:04,091 INFO utilities File uploaded successfully to tatari-partners-us-east-1/seed/tatari_export_2024-08-20_07-45.csv
